<?xml version="1.0" encoding="UTF-8"?>
<testsuite name="lab2.MainKtTest" tests="16" skipped="0" failures="0" errors="0" timestamp="2022-09-27T06:25:54" hostname="LAPTOP-4CJG4EU3" time="0.173">
  <properties/>
  <testcase name="print board" classname="lab2.MainKtTest" time="0.063"/>
  <testcase name="print board2" classname="lab2.MainKtTest" time="0.002"/>
  <testcase name="checkWin" classname="lab2.MainKtTest" time="0.048"/>
  <testcase name="checkWin2" classname="lab2.MainKtTest" time="0.001"/>
  <testcase name="isFill" classname="lab2.MainKtTest" time="0.001"/>
  <testcase name="isFill2" classname="lab2.MainKtTest" time="0.001"/>
  <testcase name="pointFromString" classname="lab2.MainKtTest" time="0.008"/>
  <testcase name="pointFromString2" classname="lab2.MainKtTest" time="0.001"/>
  <testcase name="isRightMove" classname="lab2.MainKtTest" time="0.001"/>
  <testcase name="isRightMove1" classname="lab2.MainKtTest" time="0.001"/>
  <testcase name="isRightMove2" classname="lab2.MainKtTest" time="0.001"/>
  <testcase name="game" classname="lab2.MainKtTest" time="0.002"/>
  <testcase name="game1" classname="lab2.MainKtTest" time="0.002"/>
  <testcase name="game2" classname="lab2.MainKtTest" time="0.002"/>
  <testcase name="game3" classname="lab2.MainKtTest" time="0.001"/>
  <testcase name="area" classname="lab2.MainKtTest" time="0.006"/>
  <system-out><![CDATA[]]></system-out>
  <system-err><![CDATA[]]></system-err>
</testsuite>
